{
  "stats": {
    "suites": 1,
    "tests": 1,
    "passes": 0,
    "pending": 0,
    "failures": 1,
    "start": "2025-09-19T10:12:33.988Z",
    "end": "2025-09-19T10:12:34.846Z",
    "duration": 858,
    "testsRegistered": 2,
    "passPercent": 0,
    "pendingPercent": 0,
    "other": 0,
    "hasOther": false,
    "skipped": 1,
    "hasSkipped": true
  },
  "results": [
    {
      "uuid": "fc2e18db-bc8d-404c-b2ac-d6e48f09a4ad",
      "title": "",
      "fullFile": "cypress\\e2e\\xss.cy.js",
      "file": "cypress\\e2e\\xss.cy.js",
      "beforeHooks": [],
      "afterHooks": [],
      "tests": [],
      "suites": [
        {
          "uuid": "44de5d54-a84a-42e9-9392-222f148c09d6",
          "title": "XSS vulnerability",
          "fullFile": "",
          "file": "",
          "beforeHooks": [],
          "afterHooks": [],
          "tests": [
            {
              "title": "should not contain XSS vunerability in the comment",
              "fullTitle": "XSS vulnerability should not contain XSS vunerability in the comment",
              "timedOut": null,
              "duration": 788,
              "state": "failed",
              "speed": null,
              "pass": false,
              "fail": true,
              "pending": false,
              "context": null,
              "code": "cy.get('[data-cy=\"review-input-rating-images\"] img').eq(3).click();\nconst timestamp = Date.now();\ncy.getBySel('review-input-title').type(`test Cypress ${timestamp}`);\ncy.getBySel('review-input-comment').type('<script> location.href = \"https://www.google.com\"</script>');\ncy.intercept('GET', apiUrl + '/reviews').as('getReviews');\ncy.getBySel('review-submit').click();\ncy.wait('@getReviews').then(() => {\n  cy.get('body').should('contain', `test Cypress ${timestamp}`);\n  cy.url().should('not.include', 'https://www.google.com');\n});",
              "err": {
                "message": "CypressError: `cy.visit()` failed trying to load:\n\nhttp://localhost:4200/\n\nWe attempted to make an http request to this URL but the request failed without a response.\n\nWe received this error at the network level:\n\n  > Error: connect ECONNREFUSED 127.0.0.1:4200\n\nCommon situations why this would fail:\n  - you don't have internet access\n  - you forgot to run / boot your web server\n  - your web server isn't accessible\n  - you have weird network configuration settings on your computer\n\nBecause this error occurred during a `before each` hook we are skipping the remaining tests in the current suite: `XSS vulnerability`",
                "estack": "CypressError: `cy.visit()` failed trying to load:\n\nhttp://localhost:4200/\n\nWe attempted to make an http request to this URL but the request failed without a response.\n\nWe received this error at the network level:\n\n  > Error: connect ECONNREFUSED 127.0.0.1:4200\n\nCommon situations why this would fail:\n  - you don't have internet access\n  - you forgot to run / boot your web server\n  - your web server isn't accessible\n  - you have weird network configuration settings on your computer\n\nBecause this error occurred during a `before each` hook we are skipping the remaining tests in the current suite: `XSS vulnerability`\n    at <unknown> (http://localhost:4200/__cypress/runner/cypress_runner.js:135059:74)\n    at visitFailedByErr (http://localhost:4200/__cypress/runner/cypress_runner.js:134449:12)\n    at <unknown> (http://localhost:4200/__cypress/runner/cypress_runner.js:135058:11)\n    at tryCatcher (http://localhost:4200/__cypress/runner/cypress_runner.js:1777:23)\n    at Promise._settlePromiseFromHandler (http://localhost:4200/__cypress/runner/cypress_runner.js:1489:31)\n    at Promise._settlePromise (http://localhost:4200/__cypress/runner/cypress_runner.js:1546:18)\n    at Promise._settlePromise0 (http://localhost:4200/__cypress/runner/cypress_runner.js:1591:10)\n    at Promise._settlePromises (http://localhost:4200/__cypress/runner/cypress_runner.js:1667:18)\n    at _drainQueueStep (http://localhost:4200/__cypress/runner/cypress_runner.js:2377:12)\n    at _drainQueue (http://localhost:4200/__cypress/runner/cypress_runner.js:2370:9)\n    at Async._drainQueues (http://localhost:4200/__cypress/runner/cypress_runner.js:2386:5)\n    at Async.drainQueues (http://localhost:4200/__cypress/runner/cypress_runner.js:2256:14)\nFrom Your Spec Code:\n    at Context.eval (webpack://eco-bliss-bath/./cypress/e2e/xss.cy.js:8:11)\n\nFrom Node.js Internals:\n  Error: connect ECONNREFUSED 127.0.0.1:4200\n      at TCPConnectWrap.afterConnect [as oncomplete] (node:net:1611:16)",
                "diff": null
              },
              "uuid": "d158e777-ebc7-4551-9d1c-8e1d172e0889",
              "parentUUID": "44de5d54-a84a-42e9-9392-222f148c09d6",
              "isHook": false,
              "skipped": false
            },
            {
              "title": "should not contain XSS vunerability in the title",
              "fullTitle": "XSS vulnerability should not contain XSS vunerability in the title",
              "timedOut": null,
              "duration": 0,
              "state": "skipped",
              "speed": null,
              "pass": false,
              "fail": false,
              "pending": false,
              "context": null,
              "code": "cy.get('[data-cy=\"review-input-rating-images\"] img').eq(3).click();\nconst timestamp2 = Date.now();\ncy.getBySel('review-input-title').type('<script> location.href = \"https://www.google.com\"</script>');\ncy.getBySel('review-input-comment').type(`test Cypress ${timestamp2}`);\ncy.intercept('GET', apiUrl + '/reviews').as('getReviews');\ncy.getBySel('review-submit').click();\ncy.wait('@getReviews').then(() => {\n  cy.get('body').should('contain', `test Cypress ${timestamp2}`);\n  cy.url().should('not.include', 'https://www.google.com');\n});",
              "err": {},
              "uuid": "4c6b7c91-2997-4b6a-9c6c-c0b6e9056de4",
              "parentUUID": "44de5d54-a84a-42e9-9392-222f148c09d6",
              "isHook": false,
              "skipped": true
            }
          ],
          "suites": [],
          "passes": [],
          "failures": [
            "d158e777-ebc7-4551-9d1c-8e1d172e0889"
          ],
          "pending": [],
          "skipped": [
            "4c6b7c91-2997-4b6a-9c6c-c0b6e9056de4"
          ],
          "duration": 788,
          "root": false,
          "rootEmpty": false,
          "_timeout": 2000
        }
      ],
      "passes": [],
      "failures": [],
      "pending": [],
      "skipped": [],
      "duration": 0,
      "root": true,
      "rootEmpty": true,
      "_timeout": 2000
    }
  ],
  "meta": {
    "mocha": {
      "version": "7.2.0"
    },
    "mochawesome": {
      "options": {
        "quiet": false,
        "reportFilename": "mochawesome",
        "saveHtml": true,
        "saveJson": true,
        "consoleReporter": "spec",
        "useInlineDiffs": false,
        "code": true
      },
      "version": "7.1.4"
    },
    "marge": {
      "options": null,
      "version": "6.3.0"
    }
  }
}