{
  "stats": {
    "suites": 2,
    "tests": 2,
    "passes": 0,
    "pending": 0,
    "failures": 2,
    "start": "2025-09-19T10:57:39.992Z",
    "end": "2025-09-19T10:57:41.564Z",
    "duration": 1572,
    "testsRegistered": 9,
    "passPercent": 0,
    "pendingPercent": 0,
    "other": 0,
    "hasOther": false,
    "skipped": 7,
    "hasSkipped": true
  },
  "results": [
    {
      "uuid": "a56764aa-f992-42c1-9161-28a0261d0dab",
      "title": "",
      "fullFile": "cypress\\e2e\\functional.cy.js",
      "file": "cypress\\e2e\\functional.cy.js",
      "beforeHooks": [],
      "afterHooks": [],
      "tests": [],
      "suites": [
        {
          "uuid": "26e0a44b-2726-4184-bd4e-9ece392897b4",
          "title": "connexion",
          "fullFile": "",
          "file": "",
          "beforeHooks": [],
          "afterHooks": [],
          "tests": [
            {
              "title": "gets the connexion form",
              "fullTitle": "connexion gets the connexion form",
              "timedOut": null,
              "duration": 789,
              "state": "failed",
              "speed": null,
              "pass": false,
              "fail": true,
              "pending": false,
              "context": null,
              "code": "cy.getBySel('login-input-username').should('be.visible');\ncy.getBySel('login-input-password').should('be.visible');\ncy.getBySel('login-submit').should('be.visible');",
              "err": {
                "message": "CypressError: `cy.visit()` failed trying to load:\n\nhttp://localhost:4200/\n\nWe attempted to make an http request to this URL but the request failed without a response.\n\nWe received this error at the network level:\n\n  > Error: connect ECONNREFUSED 127.0.0.1:4200\n\nCommon situations why this would fail:\n  - you don't have internet access\n  - you forgot to run / boot your web server\n  - your web server isn't accessible\n  - you have weird network configuration settings on your computer\n\nBecause this error occurred during a `before each` hook we are skipping the remaining tests in the current suite: `connexion`",
                "estack": "CypressError: `cy.visit()` failed trying to load:\n\nhttp://localhost:4200/\n\nWe attempted to make an http request to this URL but the request failed without a response.\n\nWe received this error at the network level:\n\n  > Error: connect ECONNREFUSED 127.0.0.1:4200\n\nCommon situations why this would fail:\n  - you don't have internet access\n  - you forgot to run / boot your web server\n  - your web server isn't accessible\n  - you have weird network configuration settings on your computer\n\nBecause this error occurred during a `before each` hook we are skipping the remaining tests in the current suite: `connexion`\n    at <unknown> (http://localhost:4200/__cypress/runner/cypress_runner.js:135059:74)\n    at visitFailedByErr (http://localhost:4200/__cypress/runner/cypress_runner.js:134449:12)\n    at <unknown> (http://localhost:4200/__cypress/runner/cypress_runner.js:135058:11)\n    at tryCatcher (http://localhost:4200/__cypress/runner/cypress_runner.js:1777:23)\n    at Promise._settlePromiseFromHandler (http://localhost:4200/__cypress/runner/cypress_runner.js:1489:31)\n    at Promise._settlePromise (http://localhost:4200/__cypress/runner/cypress_runner.js:1546:18)\n    at Promise._settlePromise0 (http://localhost:4200/__cypress/runner/cypress_runner.js:1591:10)\n    at Promise._settlePromises (http://localhost:4200/__cypress/runner/cypress_runner.js:1667:18)\n    at _drainQueueStep (http://localhost:4200/__cypress/runner/cypress_runner.js:2377:12)\n    at _drainQueue (http://localhost:4200/__cypress/runner/cypress_runner.js:2370:9)\n    at Async._drainQueues (http://localhost:4200/__cypress/runner/cypress_runner.js:2386:5)\n    at Async.drainQueues (http://localhost:4200/__cypress/runner/cypress_runner.js:2256:14)\nFrom Your Spec Code:\n    at Context.eval (webpack://eco-bliss-bath/./cypress/e2e/functional.cy.js:8:11)\n\nFrom Node.js Internals:\n  Error: connect ECONNREFUSED 127.0.0.1:4200\n      at TCPConnectWrap.afterConnect [as oncomplete] (node:net:1611:16)",
                "diff": null
              },
              "uuid": "92bf6ca5-93bc-4724-a55e-2a5061f1eea2",
              "parentUUID": "26e0a44b-2726-4184-bd4e-9ece392897b4",
              "isHook": false,
              "skipped": false
            },
            {
              "title": "should be connected",
              "fullTitle": "connexion should be connected",
              "timedOut": null,
              "duration": 0,
              "state": "skipped",
              "speed": null,
              "pass": false,
              "fail": false,
              "pending": false,
              "context": null,
              "code": "cy.getBySel('login-input-username').type('test2@test.fr');\ncy.getBySel('login-input-password').type('testtest');\ncy.getBySel('login-submit').click();\ncy.getBySel('nav-link-cart').should('be.visible');\ncy.getBySel('nav-link-logout').should('be.visible');",
              "err": {},
              "uuid": "a4b7dbea-eed7-4b3e-80cb-d4e366cccd83",
              "parentUUID": "26e0a44b-2726-4184-bd4e-9ece392897b4",
              "isHook": false,
              "skipped": true
            }
          ],
          "suites": [],
          "passes": [],
          "failures": [
            "92bf6ca5-93bc-4724-a55e-2a5061f1eea2"
          ],
          "pending": [],
          "skipped": [
            "a4b7dbea-eed7-4b3e-80cb-d4e366cccd83"
          ],
          "duration": 789,
          "root": false,
          "rootEmpty": false,
          "_timeout": 2000
        },
        {
          "uuid": "147992f6-735b-4099-a653-bdcf09079d9d",
          "title": "Add to the cart function",
          "fullFile": "",
          "file": "",
          "beforeHooks": [],
          "afterHooks": [],
          "tests": [
            {
              "title": "checks products stock > 1 before adding to cart",
              "fullTitle": "Add to the cart function checks products stock > 1 before adding to cart",
              "timedOut": null,
              "duration": 696,
              "state": "failed",
              "speed": null,
              "pass": false,
              "fail": true,
              "pending": false,
              "context": null,
              "code": "cy.wait('@getProduct').then(intercept => {\n  let stock = intercept.response.body.availableStock;\n  console.log(stock);\n  cy.intercept('PUT', apiUrl + '/orders/add').as('addCart');\n  cy.getBySel('detail-product-add').click();\n  if (stock > 1) {\n    cy.wait('@addCart').its('response.statusCode').should('eq', 200);\n  } else {\n    cy.wait(1000).then(() => {\n      cy.get('@addCart.all').should('have.length', 0);\n    });\n  }\n});",
              "err": {
                "message": "CypressError: `cy.visit()` failed trying to load:\n\nhttp://localhost:4200/\n\nWe attempted to make an http request to this URL but the request failed without a response.\n\nWe received this error at the network level:\n\n  > Error: connect ECONNREFUSED 127.0.0.1:4200\n\nCommon situations why this would fail:\n  - you don't have internet access\n  - you forgot to run / boot your web server\n  - your web server isn't accessible\n  - you have weird network configuration settings on your computer\n\nBecause this error occurred during a `before each` hook we are skipping the remaining tests in the current suite: `Add to the cart function`",
                "estack": "CypressError: `cy.visit()` failed trying to load:\n\nhttp://localhost:4200/\n\nWe attempted to make an http request to this URL but the request failed without a response.\n\nWe received this error at the network level:\n\n  > Error: connect ECONNREFUSED 127.0.0.1:4200\n\nCommon situations why this would fail:\n  - you don't have internet access\n  - you forgot to run / boot your web server\n  - your web server isn't accessible\n  - you have weird network configuration settings on your computer\n\nBecause this error occurred during a `before each` hook we are skipping the remaining tests in the current suite: `Add to the cart function`\n    at <unknown> (http://localhost:4200/__cypress/runner/cypress_runner.js:135059:74)\n    at visitFailedByErr (http://localhost:4200/__cypress/runner/cypress_runner.js:134449:12)\n    at <unknown> (http://localhost:4200/__cypress/runner/cypress_runner.js:135058:11)\n    at tryCatcher (http://localhost:4200/__cypress/runner/cypress_runner.js:1777:23)\n    at Promise._settlePromiseFromHandler (http://localhost:4200/__cypress/runner/cypress_runner.js:1489:31)\n    at Promise._settlePromise (http://localhost:4200/__cypress/runner/cypress_runner.js:1546:18)\n    at Promise._settlePromise0 (http://localhost:4200/__cypress/runner/cypress_runner.js:1591:10)\n    at Promise._settlePromises (http://localhost:4200/__cypress/runner/cypress_runner.js:1667:18)\n    at _drainQueueStep (http://localhost:4200/__cypress/runner/cypress_runner.js:2377:12)\n    at _drainQueue (http://localhost:4200/__cypress/runner/cypress_runner.js:2370:9)\n    at Async._drainQueues (http://localhost:4200/__cypress/runner/cypress_runner.js:2386:5)\n    at Async.drainQueues (http://localhost:4200/__cypress/runner/cypress_runner.js:2256:14)\nFrom Your Spec Code:\n    at Context.eval (webpack://eco-bliss-bath/./cypress/e2e/functional.cy.js:34:11)\n\nFrom Node.js Internals:\n  Error: connect ECONNREFUSED 127.0.0.1:4200\n      at TCPConnectWrap.afterConnect [as oncomplete] (node:net:1611:16)",
                "diff": null
              },
              "uuid": "c6bd0ae5-fa8e-44d8-81dc-6d2f90da8fac",
              "parentUUID": "147992f6-735b-4099-a653-bdcf09079d9d",
              "isHook": false,
              "skipped": false
            },
            {
              "title": "checks the product was added to the cart",
              "fullTitle": "Add to the cart function checks the product was added to the cart",
              "timedOut": null,
              "duration": 0,
              "state": "skipped",
              "speed": null,
              "pass": false,
              "fail": false,
              "pending": false,
              "context": null,
              "code": "cy.intercept('GET', apiUrl + '/orders').as('getOrders');\ncy.wait('@getProduct').then(() => {\n  cy.getBySel('detail-product-add').click();\n});\ncy.wait('@getOrders').then(() => {\n  cy.getBySel('cart-line').should('have.length.greaterThan', 0);\n  cy.getBySel('cart-line-quantity').invoke('val').then(val => expect(+val).to.be.at.least(1));\n});",
              "err": {},
              "uuid": "6f20bc54-8899-406b-8512-fa0a41ed68ed",
              "parentUUID": "147992f6-735b-4099-a653-bdcf09079d9d",
              "isHook": false,
              "skipped": true
            },
            {
              "title": "checks the stock after adding a product to the cart",
              "fullTitle": "Add to the cart function checks the stock after adding a product to the cart",
              "timedOut": null,
              "duration": 0,
              "state": "skipped",
              "speed": null,
              "pass": false,
              "fail": false,
              "pending": false,
              "context": null,
              "code": "let beforeStock;\nlet addedQuantity;\nlet afterStock;\ncy.intercept('GET', apiUrl + '/orders').as('getOrders');\ncy.wait('@getProduct').then(({\n  response\n}) => {\n  beforeStock = response.body.availableStock;\n  cy.getBySel('detail-product-quantity').invoke('val').then(val => addedQuantity = Number(val));\n  cy.getBySel('detail-product-add').click();\n});\ncy.wait('@getOrders').then(() => {\n  cy.getBySel('nav-link-products').click();\n});\ncy.wait('@getProducts').then(() => {\n  cy.getBySel('product-link').eq(0).click();\n});\ncy.wait('@getProduct').then(({\n  response\n}) => {\n  afterStock = response.body.availableStock;\n  expect(afterStock).to.equal(beforeStock - addedQuantity);\n});",
              "err": {},
              "uuid": "b8ebe02e-c2bc-466e-9787-992c4133cbb7",
              "parentUUID": "147992f6-735b-4099-a653-bdcf09079d9d",
              "isHook": false,
              "skipped": true
            },
            {
              "title": "tries to add a negative quantity of product",
              "fullTitle": "Add to the cart function tries to add a negative quantity of product",
              "timedOut": null,
              "duration": 0,
              "state": "skipped",
              "speed": null,
              "pass": false,
              "fail": false,
              "pending": false,
              "context": null,
              "code": "cy.wait('@getProduct').then(() => {\n  cy.getBySel('detail-product-quantity').clear().type('-1');\n  cy.intercept('PUT', apiUrl + '/orders/add').as('addCart');\n  cy.getBySel('detail-product-add').click();\n  cy.wait(1000).then(() => {\n    cy.get('@addCart.all').should('have.length', 0);\n  });\n});",
              "err": {},
              "uuid": "5be37e9b-0565-44cf-b594-100ad5736299",
              "parentUUID": "147992f6-735b-4099-a653-bdcf09079d9d",
              "isHook": false,
              "skipped": true
            },
            {
              "title": "tries to add a product over than 20 ",
              "fullTitle": "Add to the cart function tries to add a product over than 20 ",
              "timedOut": null,
              "duration": 0,
              "state": "skipped",
              "speed": null,
              "pass": false,
              "fail": false,
              "pending": false,
              "context": null,
              "code": "cy.wait('@getProduct').then(() => {\n  cy.getBySel('detail-product-quantity').clear().type('21');\n  cy.intercept('PUT', apiUrl + '/orders/add').as('addCart');\n  cy.getBySel('detail-product-add').click();\n  cy.wait(1000).then(() => {\n    cy.get('@addCart.all').should('have.length', 0);\n  });\n});",
              "err": {},
              "uuid": "e5af326a-70f6-43a1-8516-5d7294515d6f",
              "parentUUID": "147992f6-735b-4099-a653-bdcf09079d9d",
              "isHook": false,
              "skipped": true
            },
            {
              "title": "checks cart content after adding a product",
              "fullTitle": "Add to the cart function checks cart content after adding a product",
              "timedOut": null,
              "duration": 0,
              "state": "skipped",
              "speed": null,
              "pass": false,
              "fail": false,
              "pending": false,
              "context": null,
              "code": "cy.intercept('PUT', apiUrl + '/orders/add').as('addCart');\ncy.intercept('GET', apiUrl + '/orders').as('getOrders');\ncy.wait('@getProduct').then(() => {\n  cy.getBySel('detail-product-add').click();\n});\ncy.wait('@addCart').then(intercept => {\n  cy.getBySel('cart-line').should('have.length.greaterThan', 0);\n  expect(intercept.response.statusCode).to.eq(200);\n  expect(intercept.response.body.orderLines).to.exist;\n  expect(intercept.response.body.orderLines[0].product).to.deep.include({\n    id: 3,\n    name: \"Sentiments printaniers\",\n    description: \"Savon avec une formule douce à base d’huile de framboise, de citron et de menthe qui nettoie les mains efficacement sans les dessécher.\",\n    price: 60\n  });\n  expect(intercept.request.body).to.deep.include({\n    product: 3\n  });\n});\ncy.wait('@getOrders').its('response.statusCode').should('eq', 200);",
              "err": {},
              "uuid": "ec3807f1-695c-46dc-be7b-852c0f469604",
              "parentUUID": "147992f6-735b-4099-a653-bdcf09079d9d",
              "isHook": false,
              "skipped": true
            },
            {
              "title": "checks the Stock field of the product",
              "fullTitle": "Add to the cart function checks the Stock field of the product",
              "timedOut": null,
              "duration": 0,
              "state": "skipped",
              "speed": null,
              "pass": false,
              "fail": false,
              "pending": false,
              "context": null,
              "code": "cy.wait('@getProduct').then(() => {\n  cy.getBySel('detail-product-stock').should('have.length.greaterThan', 0);\n});",
              "err": {},
              "uuid": "70bae81a-debe-4fc3-8560-90cf15389c78",
              "parentUUID": "147992f6-735b-4099-a653-bdcf09079d9d",
              "isHook": false,
              "skipped": true
            }
          ],
          "suites": [],
          "passes": [],
          "failures": [
            "c6bd0ae5-fa8e-44d8-81dc-6d2f90da8fac"
          ],
          "pending": [],
          "skipped": [
            "6f20bc54-8899-406b-8512-fa0a41ed68ed",
            "b8ebe02e-c2bc-466e-9787-992c4133cbb7",
            "5be37e9b-0565-44cf-b594-100ad5736299",
            "e5af326a-70f6-43a1-8516-5d7294515d6f",
            "ec3807f1-695c-46dc-be7b-852c0f469604",
            "70bae81a-debe-4fc3-8560-90cf15389c78"
          ],
          "duration": 696,
          "root": false,
          "rootEmpty": false,
          "_timeout": 2000
        }
      ],
      "passes": [],
      "failures": [],
      "pending": [],
      "skipped": [],
      "duration": 0,
      "root": true,
      "rootEmpty": true,
      "_timeout": 2000
    }
  ],
  "meta": {
    "mocha": {
      "version": "7.2.0"
    },
    "mochawesome": {
      "options": {
        "quiet": false,
        "reportFilename": "mochawesome",
        "saveHtml": false,
        "saveJson": true,
        "consoleReporter": "spec",
        "useInlineDiffs": false,
        "code": true
      },
      "version": "7.1.4"
    },
    "marge": {
      "options": {
        "reportDir": "cypress/results",
        "overwrite": false,
        "html": false,
        "json": true
      },
      "version": "6.3.0"
    }
  }
}