{
  "stats": {
    "suites": 2,
    "tests": 2,
    "passes": 0,
    "pending": 0,
    "failures": 2,
    "start": "2025-09-19T10:57:43.221Z",
    "end": "2025-09-19T10:57:44.769Z",
    "duration": 1548,
    "testsRegistered": 4,
    "passPercent": 0,
    "pendingPercent": 0,
    "other": 0,
    "hasOther": false,
    "skipped": 2,
    "hasSkipped": true
  },
  "results": [
    {
      "uuid": "01420fd1-c566-4655-962f-c839550999f3",
      "title": "",
      "fullFile": "cypress\\e2e\\smoke.cy.js",
      "file": "cypress\\e2e\\smoke.cy.js",
      "beforeHooks": [],
      "afterHooks": [],
      "tests": [],
      "suites": [
        {
          "uuid": "d019bd1e-649a-4cd8-b575-f2c4c02840b6",
          "title": "connexion page",
          "fullFile": "",
          "file": "",
          "beforeHooks": [],
          "afterHooks": [],
          "tests": [
            {
              "title": "checks presence of Email field",
              "fullTitle": "connexion page checks presence of Email field",
              "timedOut": null,
              "duration": 758,
              "state": "failed",
              "speed": null,
              "pass": false,
              "fail": true,
              "pending": false,
              "context": null,
              "code": "cy.getBySel('login-input-username').should('be.visible').should('have.attr', 'type', 'text');",
              "err": {
                "message": "CypressError: `cy.visit()` failed trying to load:\n\nhttp://localhost:4200/\n\nWe attempted to make an http request to this URL but the request failed without a response.\n\nWe received this error at the network level:\n\n  > Error: connect ECONNREFUSED 127.0.0.1:4200\n\nCommon situations why this would fail:\n  - you don't have internet access\n  - you forgot to run / boot your web server\n  - your web server isn't accessible\n  - you have weird network configuration settings on your computer\n\nBecause this error occurred during a `before each` hook we are skipping the remaining tests in the current suite: `connexion page`",
                "estack": "CypressError: `cy.visit()` failed trying to load:\n\nhttp://localhost:4200/\n\nWe attempted to make an http request to this URL but the request failed without a response.\n\nWe received this error at the network level:\n\n  > Error: connect ECONNREFUSED 127.0.0.1:4200\n\nCommon situations why this would fail:\n  - you don't have internet access\n  - you forgot to run / boot your web server\n  - your web server isn't accessible\n  - you have weird network configuration settings on your computer\n\nBecause this error occurred during a `before each` hook we are skipping the remaining tests in the current suite: `connexion page`\n    at <unknown> (http://localhost:4200/__cypress/runner/cypress_runner.js:135059:74)\n    at visitFailedByErr (http://localhost:4200/__cypress/runner/cypress_runner.js:134449:12)\n    at <unknown> (http://localhost:4200/__cypress/runner/cypress_runner.js:135058:11)\n    at tryCatcher (http://localhost:4200/__cypress/runner/cypress_runner.js:1777:23)\n    at Promise._settlePromiseFromHandler (http://localhost:4200/__cypress/runner/cypress_runner.js:1489:31)\n    at Promise._settlePromise (http://localhost:4200/__cypress/runner/cypress_runner.js:1546:18)\n    at Promise._settlePromise0 (http://localhost:4200/__cypress/runner/cypress_runner.js:1591:10)\n    at Promise._settlePromises (http://localhost:4200/__cypress/runner/cypress_runner.js:1667:18)\n    at _drainQueueStep (http://localhost:4200/__cypress/runner/cypress_runner.js:2377:12)\n    at _drainQueue (http://localhost:4200/__cypress/runner/cypress_runner.js:2370:9)\n    at Async._drainQueues (http://localhost:4200/__cypress/runner/cypress_runner.js:2386:5)\n    at Async.drainQueues (http://localhost:4200/__cypress/runner/cypress_runner.js:2256:14)\nFrom Your Spec Code:\n    at Context.eval (webpack://eco-bliss-bath/./cypress/e2e/smoke.cy.js:8:11)\n\nFrom Node.js Internals:\n  Error: connect ECONNREFUSED 127.0.0.1:4200\n      at TCPConnectWrap.afterConnect [as oncomplete] (node:net:1611:16)",
                "diff": null
              },
              "uuid": "dcc48305-130a-4e0e-b753-68a1352d31a8",
              "parentUUID": "d019bd1e-649a-4cd8-b575-f2c4c02840b6",
              "isHook": false,
              "skipped": false
            },
            {
              "title": "checks presence of Password field",
              "fullTitle": "connexion page checks presence of Password field",
              "timedOut": null,
              "duration": 0,
              "state": "skipped",
              "speed": null,
              "pass": false,
              "fail": false,
              "pending": false,
              "context": null,
              "code": "cy.getBySel('login-input-password').should('be.visible').should('have.attr', 'type', 'password');",
              "err": {},
              "uuid": "a8bf2254-3ba4-43a3-be1d-081784fddd71",
              "parentUUID": "d019bd1e-649a-4cd8-b575-f2c4c02840b6",
              "isHook": false,
              "skipped": true
            },
            {
              "title": "checks presence of active Connexion button",
              "fullTitle": "connexion page checks presence of active Connexion button",
              "timedOut": null,
              "duration": 0,
              "state": "skipped",
              "speed": null,
              "pass": false,
              "fail": false,
              "pending": false,
              "context": null,
              "code": "cy.getBySel('login-submit').should('be.visible').should('contain', 'Se connecter').should('be.enabled');",
              "err": {},
              "uuid": "066c2437-a8cd-4163-9171-d10b4280eba0",
              "parentUUID": "d019bd1e-649a-4cd8-b575-f2c4c02840b6",
              "isHook": false,
              "skipped": true
            }
          ],
          "suites": [],
          "passes": [],
          "failures": [
            "dcc48305-130a-4e0e-b753-68a1352d31a8"
          ],
          "pending": [],
          "skipped": [
            "a8bf2254-3ba4-43a3-be1d-081784fddd71",
            "066c2437-a8cd-4163-9171-d10b4280eba0"
          ],
          "duration": 758,
          "root": false,
          "rootEmpty": false,
          "_timeout": 2000
        },
        {
          "uuid": "419c077f-62f4-4f8a-bcb4-dec5f440037d",
          "title": "add to cart button after connexion",
          "fullFile": "",
          "file": "",
          "beforeHooks": [],
          "afterHooks": [],
          "tests": [
            {
              "title": "checks presence of active Add to cart button",
              "fullTitle": "add to cart button after connexion checks presence of active Add to cart button",
              "timedOut": null,
              "duration": 695,
              "state": "failed",
              "speed": null,
              "pass": false,
              "fail": true,
              "pending": false,
              "context": null,
              "code": "cy.visit('/products');\ncy.wait('@getProducts').then(() => {\n  cy.getBySel('product-link').eq(0).click();\n});\ncy.getBySel('detail-product-add').should('be.visible').and('have.text', 'Ajouter au panier').should('be.enabled');",
              "err": {
                "message": "CypressError: `cy.visit()` failed trying to load:\n\nhttp://localhost:4200/\n\nWe attempted to make an http request to this URL but the request failed without a response.\n\nWe received this error at the network level:\n\n  > Error: connect ECONNREFUSED 127.0.0.1:4200\n\nCommon situations why this would fail:\n  - you don't have internet access\n  - you forgot to run / boot your web server\n  - your web server isn't accessible\n  - you have weird network configuration settings on your computer\n\nBecause this error occurred during a `before each` hook we are skipping the remaining tests in the current suite: `add to cart button after co...`",
                "estack": "CypressError: `cy.visit()` failed trying to load:\n\nhttp://localhost:4200/\n\nWe attempted to make an http request to this URL but the request failed without a response.\n\nWe received this error at the network level:\n\n  > Error: connect ECONNREFUSED 127.0.0.1:4200\n\nCommon situations why this would fail:\n  - you don't have internet access\n  - you forgot to run / boot your web server\n  - your web server isn't accessible\n  - you have weird network configuration settings on your computer\n\nBecause this error occurred during a `before each` hook we are skipping the remaining tests in the current suite: `add to cart button after co...`\n    at <unknown> (http://localhost:4200/__cypress/runner/cypress_runner.js:135059:74)\n    at visitFailedByErr (http://localhost:4200/__cypress/runner/cypress_runner.js:134449:12)\n    at <unknown> (http://localhost:4200/__cypress/runner/cypress_runner.js:135058:11)\n    at tryCatcher (http://localhost:4200/__cypress/runner/cypress_runner.js:1777:23)\n    at Promise._settlePromiseFromHandler (http://localhost:4200/__cypress/runner/cypress_runner.js:1489:31)\n    at Promise._settlePromise (http://localhost:4200/__cypress/runner/cypress_runner.js:1546:18)\n    at Promise._settlePromise0 (http://localhost:4200/__cypress/runner/cypress_runner.js:1591:10)\n    at Promise._settlePromises (http://localhost:4200/__cypress/runner/cypress_runner.js:1667:18)\n    at _drainQueueStep (http://localhost:4200/__cypress/runner/cypress_runner.js:2377:12)\n    at _drainQueue (http://localhost:4200/__cypress/runner/cypress_runner.js:2370:9)\n    at Async._drainQueues (http://localhost:4200/__cypress/runner/cypress_runner.js:2386:5)\n    at Async.drainQueues (http://localhost:4200/__cypress/runner/cypress_runner.js:2256:14)\nFrom Your Spec Code:\n    at Context.eval (webpack://eco-bliss-bath/./cypress/e2e/smoke.cy.js:36:11)\n\nFrom Node.js Internals:\n  Error: connect ECONNREFUSED 127.0.0.1:4200\n      at TCPConnectWrap.afterConnect [as oncomplete] (node:net:1611:16)",
                "diff": null
              },
              "uuid": "d3058d0b-259e-48d5-bde1-9cf23c8234fc",
              "parentUUID": "419c077f-62f4-4f8a-bcb4-dec5f440037d",
              "isHook": false,
              "skipped": false
            }
          ],
          "suites": [],
          "passes": [],
          "failures": [
            "d3058d0b-259e-48d5-bde1-9cf23c8234fc"
          ],
          "pending": [],
          "skipped": [],
          "duration": 695,
          "root": false,
          "rootEmpty": false,
          "_timeout": 2000
        }
      ],
      "passes": [],
      "failures": [],
      "pending": [],
      "skipped": [],
      "duration": 0,
      "root": true,
      "rootEmpty": true,
      "_timeout": 2000
    }
  ],
  "meta": {
    "mocha": {
      "version": "7.2.0"
    },
    "mochawesome": {
      "options": {
        "quiet": false,
        "reportFilename": "mochawesome",
        "saveHtml": false,
        "saveJson": true,
        "consoleReporter": "spec",
        "useInlineDiffs": false,
        "code": true
      },
      "version": "7.1.4"
    },
    "marge": {
      "options": {
        "reportDir": "cypress/results",
        "overwrite": false,
        "html": false,
        "json": true
      },
      "version": "6.3.0"
    }
  }
}